<?xml version="1.0" encoding="UTF-8"?>
<!-- Generated by org.testng.reporters.JUnitXMLReporter -->
<testsuite hostname="DESKTOP-OQPFD7J" ignored="0" name="Surefire test" tests="2" failures="1" timestamp="01 三月 2019 08:31:28 GMT" time="11.365" errors="0">
  <testcase name="simpleTest" time="2.089" classname="test.java.AppTest"/>
  <testcase name="simpleTest1" time="2.911" classname="test.java.AppTest">
    <failure type="java.lang.AssertionError" message="expected [RestServiceDeploy] but found [RestServiceDeploy!]">
      <![CDATA[java.lang.AssertionError: expected [RestServiceDeploy] but found [RestServiceDeploy!]
at test.java.AppTest.simpleTest1(AppTest.java:41)
... Removed 35 stack frames]]>
    </failure>
  </testcase> <!-- simpleTest1 -->
</testsuite> <!-- Surefire test -->
