-------------------------------------------------------------------------------
Test set: test.java.AppTest
-------------------------------------------------------------------------------
Tests run: 2, Failures: 1, Errors: 0, Skipped: 0, Time elapsed: 12.48 sec <<< FAILURE! - in test.java.AppTest
simpleTest1(test.java.AppTest)  Time elapsed: 2.926 sec  <<< FAILURE!
java.lang.AssertionError: expected [RestServiceDeploy] but found [RestServiceDeploy!]
	at test.java.AppTest.simpleTest1(AppTest.java:41)

